<?xml version="1.0" encoding="UTF-8"?>
<testng-results skipped="0" failed="0" total="3" passed="3">
  <reporter-output>
  </reporter-output>
  <suite name="Default suite" duration-ms="36897" started-at="2019-09-23T10:14:19Z" finished-at="2019-09-23T10:14:56Z">
    <groups>
    </groups>
    <test name="Default test" duration-ms="36897" started-at="2019-09-23T10:14:19Z" finished-at="2019-09-23T10:14:56Z">
      <class name="testcases.LoginPageTest">
        <test-method status="PASS" signature="setup()[pri:0, instance:testcases.LoginPageTest@482f8f11]" name="setup" is-config="true" duration-ms="9016" started-at="2019-09-23T15:44:19Z" finished-at="2019-09-23T15:44:28Z">
          <reporter-output>
          </reporter-output>
        </test-method> <!-- setup -->
        <test-method status="PASS" signature="loginpageTitleTest()[pri:0, instance:testcases.LoginPageTest@482f8f11]" name="loginpageTitleTest" duration-ms="26" started-at="2019-09-23T15:44:28Z" finished-at="2019-09-23T15:44:28Z">
          <reporter-output>
          </reporter-output>
        </test-method> <!-- loginpageTitleTest -->
        <test-method status="PASS" signature="tearDown()[pri:0, instance:testcases.LoginPageTest@482f8f11]" name="tearDown" is-config="true" duration-ms="718" started-at="2019-09-23T15:44:28Z" finished-at="2019-09-23T15:44:29Z">
          <reporter-output>
          </reporter-output>
        </test-method> <!-- tearDown -->
        <test-method status="PASS" signature="setup()[pri:0, instance:testcases.LoginPageTest@482f8f11]" name="setup" is-config="true" duration-ms="6868" started-at="2019-09-23T15:44:29Z" finished-at="2019-09-23T15:44:36Z">
          <reporter-output>
          </reporter-output>
        </test-method> <!-- setup -->
        <test-method status="PASS" signature="HrmsLogoTest()[pri:0, instance:testcases.LoginPageTest@482f8f11]" name="HrmsLogoTest" duration-ms="134" started-at="2019-09-23T15:44:36Z" finished-at="2019-09-23T15:44:36Z">
          <reporter-output>
          </reporter-output>
        </test-method> <!-- HrmsLogoTest -->
        <test-method status="PASS" signature="tearDown()[pri:0, instance:testcases.LoginPageTest@482f8f11]" name="tearDown" is-config="true" duration-ms="647" started-at="2019-09-23T15:44:36Z" finished-at="2019-09-23T15:44:37Z">
          <reporter-output>
          </reporter-output>
        </test-method> <!-- tearDown -->
        <test-method status="PASS" signature="setup()[pri:0, instance:testcases.LoginPageTest@482f8f11]" name="setup" is-config="true" duration-ms="7022" started-at="2019-09-23T15:44:37Z" finished-at="2019-09-23T15:44:44Z">
          <reporter-output>
          </reporter-output>
        </test-method> <!-- setup -->
        <test-method status="PASS" signature="loginTest()[pri:0, instance:testcases.LoginPageTest@482f8f11]" name="loginTest" duration-ms="11732" started-at="2019-09-23T15:44:44Z" finished-at="2019-09-23T15:44:56Z">
          <reporter-output>
          </reporter-output>
        </test-method> <!-- loginTest -->
        <test-method status="PASS" signature="tearDown()[pri:0, instance:testcases.LoginPageTest@482f8f11]" name="tearDown" is-config="true" duration-ms="715" started-at="2019-09-23T15:44:56Z" finished-at="2019-09-23T15:44:56Z">
          <reporter-output>
          </reporter-output>
        </test-method> <!-- tearDown -->
      </class> <!-- testcases.LoginPageTest -->
    </test> <!-- Default test -->
  </suite> <!-- Default suite -->
</testng-results>
