<?xml version="1.0" encoding="UTF-8"?>
<!-- Generated by org.testng.reporters.JUnitXMLReporter -->
<testsuite hostname="SYSTEM-C206" name="Default test" tests="3" failures="0" timestamp="23 Sep 2019 10:14:56 GMT" time="36.897" errors="0">
  <testcase name="loginpageTitleTest" time="0.026" classname="testcases.LoginPageTest"/>
  <testcase name="HrmsLogoTest" time="0.134" classname="testcases.LoginPageTest"/>
  <testcase name="loginTest" time="11.732" classname="testcases.LoginPageTest"/>
</testsuite> <!-- Default test -->
